Removed Pin From Net: NetName=+3V3 Pin=C1-1
Removed Pin From Net: NetName=+3V3 Pin=C11-1
Removed Pin From Net: NetName=+3V3 Pin=C12-1
Removed Pin From Net: NetName=+3V3 Pin=C15-1
Removed Pin From Net: NetName=+3V3 Pin=C16-1
Removed Pin From Net: NetName=+3V3 Pin=C17-1
Removed Pin From Net: NetName=+3V3 Pin=C18-1
Removed Pin From Net: NetName=+3V3 Pin=C26-1
Removed Pin From Net: NetName=+5V-USB Pin=C27-1
Removed Pin From Net: NetName=+5V-USB Pin=C35-1
Removed Pin From Net: NetName=+5V-USB Pin=FB1-1
Removed Pin From Net: NetName=GND-USB Pin=J3-1
Removed Pin From Net: NetName=GND-USB Pin=J3-2
Removed Pin From Net: NetName=GND-USB Pin=J3-3
Removed Pin From Net: NetName=GND-USB Pin=J3-4
Removed Pin From Net: NetName=+5V-USB Pin=R22-1
Removed Pin From Net: NetName=+5V-USB Pin=R23-1
Removed Pin From Net: NetName=+3V3 Pin=U1-8
Removed Pin From Net: NetName=+3V3 Pin=U2-12
Removed Pin From Net: NetName=+3V3 Pin=U3-5
Removed Pin From Net: NetName=+3V3 Pin=U3-17
Removed Pin From Net: NetName=+3V3 Pin=U4-4
Removed Pin From Net: NetName=+3V3 Pin=U5-3
Removed Pin From Net: NetName=+5V-USB Pin=U5-14
Removed Member From Class: ClassName=uC Member=R26
Change Component Footprint: Designator=C17 Old Footprint=CAP0603 New Footprint=CAP0204
Change Component Footprint: Designator=C18 Old Footprint=CAP0603 New Footprint=CAP0204
Change Component Footprint: Designator=C16 Old Footprint=CAP1206 New Footprint=CAP0603
Change Component Comment : Designator=C16 Old Comment=4u7 New Comment=2u2
Change Component Designator: OldDesignator=C15 NewDesignator=C23
Change Component Designator: OldDesignator=C16 NewDesignator=C15
Change Component Designator: OldDesignator=C23 NewDesignator=C24
Change Component Designator: OldDesignator=C24 NewDesignator=C25
Change Component Designator: OldDesignator=C25 NewDesignator=C26
Change Component Designator: OldDesignator=C26 NewDesignator=C27
Change Component Designator: OldDesignator=C27 NewDesignator=C28
Change Component Designator: OldDesignator=C28 NewDesignator=C29
Change Component Designator: OldDesignator=C29 NewDesignator=C30
Change Component Designator: OldDesignator=C30 NewDesignator=C31
Change Component Designator: OldDesignator=C31 NewDesignator=C32
Change Component Designator: OldDesignator=C32 NewDesignator=C33
Change Component Designator: OldDesignator=C33 NewDesignator=C34
Change Component Designator: OldDesignator=C34 NewDesignator=C35
Change Component Designator: OldDesignator=C35 NewDesignator=C36
Change Component Designator: OldDesignator=C36 NewDesignator=C37
Change Component Designator: OldDesignator=FB1 NewDesignator=FB8
Change Component Designator: OldDesignator=R13 NewDesignator=R14
Change Component Designator: OldDesignator=R14 NewDesignator=R15
Change Component Designator: OldDesignator=R15 NewDesignator=R16
Change Component Designator: OldDesignator=R16 NewDesignator=R17
Change Component Designator: OldDesignator=R17 NewDesignator=R18
Change Component Designator: OldDesignator=R18 NewDesignator=R19
Change Component Designator: OldDesignator=R19 NewDesignator=R20
Change Component Designator: OldDesignator=R20 NewDesignator=R21
Change Component Designator: OldDesignator=R21 NewDesignator=R22
Change Component Designator: OldDesignator=R22 NewDesignator=R23
Change Component Designator: OldDesignator=R23 NewDesignator=R24
Change Component Designator: OldDesignator=R24 NewDesignator=R25
Change Component Designator: OldDesignator=R25 NewDesignator=R26
Change Component Designator: OldDesignator=R26 NewDesignator=R13
Added Component: Designator=C16(CAP0603)
Add component (AddParameter): Name = "HelpURL"; Value = ""; VariantName = "[No Variations]"
Add component (AddParameter): Name = "MPN"; Value = ""; VariantName = "[No Variations]"
Add component (AddParameter): Name = "Supplier"; Value = ""; VariantName = "[No Variations]"
Add component (AddParameter): Name = "SupplierPartNumber"; Value = ""; VariantName = "[No Variations]"
Add component (AddParameter): Name = "Value"; Value = ""; VariantName = "[No Variations]"
Added Component: Designator=C38(CAP0603)
Add component (AddParameter): Name = "HelpURL"; Value = ""; VariantName = "[No Variations]"
Add component (AddParameter): Name = "MPN"; Value = ""; VariantName = "[No Variations]"
Add component (AddParameter): Name = "Supplier"; Value = ""; VariantName = "[No Variations]"
Add component (AddParameter): Name = "SupplierPartNumber"; Value = ""; VariantName = "[No Variations]"
Add component (AddParameter): Name = "Value"; Value = ""; VariantName = "[No Variations]"
Added Component: Designator=FB1(FB0402)
Add component (AddParameter): Name = "HelpURL"; Value = ""; VariantName = "[No Variations]"
Add component (AddParameter): Name = "MPN"; Value = ""; VariantName = "[No Variations]"
Add component (AddParameter): Name = "Supplier"; Value = ""; VariantName = "[No Variations]"
Add component (AddParameter): Name = "SupplierPartNumber"; Value = ""; VariantName = "[No Variations]"
Add component (AddParameter): Name = "Value"; Value = ""; VariantName = "[No Variations]"
Added Component: Designator=FB2(FB0402)
Add component (AddParameter): Name = "HelpURL"; Value = ""; VariantName = "[No Variations]"
Add component (AddParameter): Name = "MPN"; Value = ""; VariantName = "[No Variations]"
Add component (AddParameter): Name = "Supplier"; Value = ""; VariantName = "[No Variations]"
Add component (AddParameter): Name = "SupplierPartNumber"; Value = ""; VariantName = "[No Variations]"
Add component (AddParameter): Name = "Value"; Value = ""; VariantName = "[No Variations]"
Added Component: Designator=FB3(FB0402)
Add component (AddParameter): Name = "HelpURL"; Value = ""; VariantName = "[No Variations]"
Add component (AddParameter): Name = "MPN"; Value = ""; VariantName = "[No Variations]"
Add component (AddParameter): Name = "Supplier"; Value = ""; VariantName = "[No Variations]"
Add component (AddParameter): Name = "SupplierPartNumber"; Value = ""; VariantName = "[No Variations]"
Add component (AddParameter): Name = "Value"; Value = ""; VariantName = "[No Variations]"
Added Component: Designator=FB4(FB0402)
Add component (AddParameter): Name = "HelpURL"; Value = ""; VariantName = "[No Variations]"
Add component (AddParameter): Name = "MPN"; Value = ""; VariantName = "[No Variations]"
Add component (AddParameter): Name = "Supplier"; Value = ""; VariantName = "[No Variations]"
Add component (AddParameter): Name = "SupplierPartNumber"; Value = ""; VariantName = "[No Variations]"
Add component (AddParameter): Name = "Value"; Value = ""; VariantName = "[No Variations]"
Added Component: Designator=FB5(FB0402)
Add component (AddParameter): Name = "HelpURL"; Value = ""; VariantName = "[No Variations]"
Add component (AddParameter): Name = "MPN"; Value = ""; VariantName = "[No Variations]"
Add component (AddParameter): Name = "Supplier"; Value = ""; VariantName = "[No Variations]"
Add component (AddParameter): Name = "SupplierPartNumber"; Value = ""; VariantName = "[No Variations]"
Add component (AddParameter): Name = "Value"; Value = ""; VariantName = "[No Variations]"
Added Component: Designator=FB6(FB0402)
Add component (AddParameter): Name = "HelpURL"; Value = ""; VariantName = "[No Variations]"
Add component (AddParameter): Name = "MPN"; Value = ""; VariantName = "[No Variations]"
Add component (AddParameter): Name = "Supplier"; Value = ""; VariantName = "[No Variations]"
Add component (AddParameter): Name = "SupplierPartNumber"; Value = ""; VariantName = "[No Variations]"
Add component (AddParameter): Name = "Value"; Value = ""; VariantName = "[No Variations]"
Added Component: Designator=FB7(FB0402)
Add component (AddParameter): Name = "HelpURL"; Value = ""; VariantName = "[No Variations]"
Add component (AddParameter): Name = "MPN"; Value = ""; VariantName = "[No Variations]"
Add component (AddParameter): Name = "Supplier"; Value = ""; VariantName = "[No Variations]"
Add component (AddParameter): Name = "SupplierPartNumber"; Value = ""; VariantName = "[No Variations]"
Add component (AddParameter): Name = "Value"; Value = ""; VariantName = "[No Variations]"
Added Component: Designator=R29(RES0603)
Add component (AddParameter): Name = "HelpURL"; Value = ""; VariantName = "[No Variations]"
Add component (AddParameter): Name = "MPN"; Value = ""; VariantName = "[No Variations]"
Add component (AddParameter): Name = "Supplier"; Value = ""; VariantName = "[No Variations]"
Add component (AddParameter): Name = "SupplierPartNumber"; Value = ""; VariantName = "[No Variations]"
Add component (AddParameter): Name = "Value"; Value = ""; VariantName = "[No Variations]"
Added Pin To Net: NetName=GND Pin=C16-2
Added Pin To Net: NetName=GND-USB Pin=C38-2
Added Pin To Net: NetName=+3V3 Pin=FB1-2
Added Pin To Net: NetName=+3V3 Pin=FB2-2
Added Pin To Net: NetName=+3V3 Pin=FB3-1
Added Pin To Net: NetName=+3V3 Pin=FB4-2
Added Pin To Net: NetName=+3V3 Pin=FB5-1
Added Pin To Net: NetName=+5V-USB Pin=FB7-1
Added Pin To Net: NetName=GND-USB Pin=R29-1
Change Net Name : Old Net Name=+5V-USB New Net Name=VCC-FT
Added Pin To Net: NetName=+5V-USB Pin=C36-1
Added Pin To Net: NetName=+5V-USB Pin=FB6-2
Added Pin To Net: NetName=+5V-USB Pin=FB7-2
Added Pin To Net: NetName=+5V-USB Pin=FB8-1
Added Pin To Net: NetName=+5V-USB Pin=R23-1
Added Pin To Net: NetName=+5V-USB Pin=R24-1
Added Net: Name=+5V-USB
Added Pin To Net: NetName=NetC38_1 Pin=C38-1
Added Pin To Net: NetName=NetC38_1 Pin=J3-1
Added Pin To Net: NetName=NetC38_1 Pin=J3-2
Added Pin To Net: NetName=NetC38_1 Pin=J3-3
Added Pin To Net: NetName=NetC38_1 Pin=J3-4
Added Pin To Net: NetName=NetC38_1 Pin=R29-2
Added Net: Name=NetC38_1
Added Pin To Net: NetName=VCC-AMC Pin=C11-1
Added Pin To Net: NetName=VCC-AMC Pin=C12-1
Added Pin To Net: NetName=VCC-AMC Pin=FB2-1
Added Pin To Net: NetName=VCC-AMC Pin=U2-12
Added Net: Name=VCC-AMC
Added Pin To Net: NetName=VCC-SI1 Pin=C27-1
Added Pin To Net: NetName=VCC-SI1 Pin=FB5-2
Added Pin To Net: NetName=VCC-SI1 Pin=U5-3
Added Net: Name=VCC-SI1
Added Pin To Net: NetName=VCC-SI2 Pin=C28-1
Added Pin To Net: NetName=VCC-SI2 Pin=FB6-1
Added Pin To Net: NetName=VCC-SI2 Pin=U5-14
Added Net: Name=VCC-SI2
Added Pin To Net: NetName=VCC-STM Pin=C15-1
Added Pin To Net: NetName=VCC-STM Pin=C16-1
Added Pin To Net: NetName=VCC-STM Pin=C17-1
Added Pin To Net: NetName=VCC-STM Pin=C18-1
Added Pin To Net: NetName=VCC-STM Pin=FB3-2
Added Pin To Net: NetName=VCC-STM Pin=U3-5
Added Pin To Net: NetName=VCC-STM Pin=U3-17
Added Net: Name=VCC-STM
Added Pin To Net: NetName=VCC-TLV Pin=C23-1
Added Pin To Net: NetName=VCC-TLV Pin=FB4-1
Added Pin To Net: NetName=VCC-TLV Pin=U4-4
Added Net: Name=VCC-TLV
Added Pin To Net: NetName=VCC-TMCS Pin=C1-1
Added Pin To Net: NetName=VCC-TMCS Pin=FB1-1
Added Pin To Net: NetName=VCC-TMCS Pin=U1-8
Added Net: Name=VCC-TMCS
Added Member To Class: ClassName=uC Member=Component C26 320n
Added Member To Class: ClassName=USB Member=Component C38 10n
Added Member To Class: ClassName=CS Member=Component FB1 *
Added Member To Class: ClassName=VS Member=Component FB2 *
Added Member To Class: ClassName=uC Member=Component FB3 *
Added Member To Class: ClassName=uC Member=Component FB4 *
Added Member To Class: ClassName=iso Member=Component FB5 *
Added Member To Class: ClassName=iso Member=Component FB6 *
Added Member To Class: ClassName=iso Member=Component FB7 *
Added Member To Class: ClassName=uC Member=Component R18 1k
Added Member To Class: ClassName=USB Member=Component R29 10Meg
