Removed Pin From Net: NetName=+3V3 Pin=J2-3
Removed Pin From Net: NetName=SWDIO Pin=J2-4
Removed Pin From Net: NetName=SWCLK Pin=J2-6
Removed Pin From Net: NetName=GND Pin=J2-7
Removed Pin From Net: NetName=GND Pin=J2-11
Removed Pin From Net: NetName=VCC-USB Pin=J3-4
Removed Pin From Net: NetName=VCC-USB Pin=J3-9
Removed Pin From Net: NetName=VCC-USB Pin=J3-16
Removed Pin From Net: NetName=VCC-USB Pin=J3-21
Change Component Footprint: Designator=J2 Old Footprint=FP-5-146257-7-MFG New Footprint=62201021121
Change Component Comment : Designator=J2 Old Comment=5-146257-7 New Comment=62201021121
Added Component: Designator=C35(CAP0603)
Add component (AddParameter): Name = "HelpURL"; Value = ""; VariantName = "[No Variations]"
Add component (AddParameter): Name = "MPN"; Value = ""; VariantName = "[No Variations]"
Add component (AddParameter): Name = "Supplier"; Value = ""; VariantName = "[No Variations]"
Add component (AddParameter): Name = "SupplierPartNumber"; Value = ""; VariantName = "[No Variations]"
Add component (AddParameter): Name = "Value"; Value = ""; VariantName = "[No Variations]"
Added Component: Designator=C36(CAP0603)
Add component (AddParameter): Name = "HelpURL"; Value = ""; VariantName = "[No Variations]"
Add component (AddParameter): Name = "MPN"; Value = ""; VariantName = "[No Variations]"
Add component (AddParameter): Name = "Supplier"; Value = ""; VariantName = "[No Variations]"
Add component (AddParameter): Name = "SupplierPartNumber"; Value = ""; VariantName = "[No Variations]"
Add component (AddParameter): Name = "Value"; Value = ""; VariantName = "[No Variations]"
Added Component: Designator=FB1(FB0402)
Add component (AddParameter): Name = "HelpURL"; Value = ""; VariantName = "[No Variations]"
Add component (AddParameter): Name = "MPN"; Value = ""; VariantName = "[No Variations]"
Add component (AddParameter): Name = "Supplier"; Value = ""; VariantName = "[No Variations]"
Add component (AddParameter): Name = "SupplierPartNumber"; Value = ""; VariantName = "[No Variations]"
Add component (AddParameter): Name = "Value"; Value = ""; VariantName = "[No Variations]"
Added Pin To Net: NetName=VCC-USB Pin=C35-1
Added Pin To Net: NetName=GND-USB Pin=C35-2
Added Pin To Net: NetName=GND-USB Pin=C36-2
Added Pin To Net: NetName=VCC-USB Pin=FB1-1
Added Pin To Net: NetName=+3V3 Pin=J2-1
Added Pin To Net: NetName=SWDIO Pin=J2-2
Added Pin To Net: NetName=GND Pin=J2-3
Added Pin To Net: NetName=SWCLK Pin=J2-4
Added Pin To Net: NetName=GND Pin=J2-9
Added Pin To Net: NetName=GND Pin=U3-1
Change Net Name : Old Net Name=VCC-USB New Net Name=+5V-USB
Added Pin To Net: NetName=VCC-USB Pin=C36-1
Added Pin To Net: NetName=VCC-USB Pin=FB1-2
Added Pin To Net: NetName=VCC-USB Pin=J3-4
Added Pin To Net: NetName=VCC-USB Pin=J3-9
Added Pin To Net: NetName=VCC-USB Pin=J3-16
Added Pin To Net: NetName=VCC-USB Pin=J3-21
Added Net: Name=VCC-USB
Added Member To Class: ClassName=USB Member=Component C35 100n
Added Member To Class: ClassName=USB Member=Component C36 10n
Added Member To Class: ClassName=USB Member=Component FB1 BK0603HS330-T
