Removed Pin From Net: NetName=VCC-USB Pin=J3-4
Removed Pin From Net: NetName=D_P Pin=J3-6
Removed Pin From Net: NetName=D_N Pin=J3-7
Removed Pin From Net: NetName=VCC-USB Pin=J3-9
Removed Pin From Net: NetName=GND-USB Pin=J3-12
Removed Pin From Net: NetName=GND-USB Pin=J3-13
Removed Pin From Net: NetName=VCC-USB Pin=J3-16
Removed Pin From Net: NetName=VCC-USB Pin=J3-21
Removed Pin From Net: NetName=GND-USB Pin=J3-24
Removed Pin From Net: NetName=GND Pin=U3-1
Change Component Footprint: Designator=J3 Old Footprint=2216100001 New Footprint=FP-USB4105-GF-A-MFG
Change Component Comment : Designator=J3 Old Comment=2216100001 New Comment=USB4105-GF-A
Change component parameters: Designator = "J3" ("J3"); Footprint = "2216100001"; UniqueID = "\SBZIVITV\UJKQRCHX" ("\SBZIVITV\UJKQRCHX")
Change component parameters (AddParameter): Name = "Automotive"; Value = "No"; VariantName = "[No Variations]"
Change component parameters (AddParameter): Name = "Category"; Value = "Conn"; VariantName = "[No Variations]"
Change component parameters (AddParameter): Name = "ComponentLink2Description"; Value = "Datasheet"; VariantName = "[No Variations]"
Change component parameters (AddParameter): Name = "ComponentLink2URL"; Value = "https://gct.co/files/drawings/usb4105.pdf"; VariantName = "[No Variations]"
Change component parameters (AddParameter): Name = "Conn Orientation"; Value = "Right Angle"; VariantName = "[No Variations]"
Change component parameters (AddParameter): Name = "Contact Material"; Value = "Gold,Nickel"; VariantName = "[No Variations]"
Change component parameters (AddParameter): Name = "Current Rating"; Value = "5/6.25/1.25/0.25A"; VariantName = "[No Variations]"
Change component parameters (AddParameter): Name = "Device Class L1"; Value = "Connectors"; VariantName = "[No Variations]"
Change component parameters (AddParameter): Name = "Device Class L2"; Value = "USB Connectors"; VariantName = "[No Variations]"
Change component parameters (AddParameter): Name = "Device Class L3"; Value = "unset"; VariantName = "[No Variations]"
Change component parameters (AddParameter): Name = "Digikey Description"; Value = "CONN RCPT USB2.0 TYPEC 5A"; VariantName = "[No Variations]"
Change component parameters (AddParameter): Name = "Height"; Value = "3.46mm"; VariantName = "[No Variations]"
Change component parameters (AddParameter): Name = "Is Female"; Value = "yes"; VariantName = "[No Variations]"
Change component parameters (AddParameter): Name = "Lead Free"; Value = "Yes"; VariantName = "[No Variations]"
Change component parameters (AddParameter): Name = "Manufacturer"; Value = "GCT"; VariantName = "[No Variations]"
Change component parameters (AddParameter): Name = "Manufacturer Part Number"; Value = "USB4105-GF-A"; VariantName = "[No Variations]"
Change component parameters (AddParameter): Name = "Number Of Contacts"; Value = "16"; VariantName = "[No Variations]"
Change component parameters (AddParameter): Name = "Octopart"; Value = "https://octopart.com/usb4105-gf-a-gct-106627878"; VariantName = "[No Variations]"
Change component parameters (AddParameter): Name = "Package"; Value = "0"; VariantName = "[No Variations]"
Change component parameters (AddParameter): Name = "RoHS"; Value = "TRUE"; VariantName = "[No Variations]"
Change component parameters (AddParameter): Name = "Temperature"; Value = "-40°C to +85°C"; VariantName = "[No Variations]"
Change component parameters (AddParameter): Name = "Temperature Range High"; Value = "+85°C"; VariantName = "[No Variations]"
Change component parameters (AddParameter): Name = "Temperature Range Low"; Value = "-40°C"; VariantName = "[No Variations]"
Change component parameters (AddParameter): Name = "Usb Standard"; Value = "USB 2.0"; VariantName = "[No Variations]"
Change component parameters (AddParameter): Name = "Voltage Rating"; Value = "20V"; VariantName = "[No Variations]"
Added Component: Designator=R26(RES0603)
Add component (AddParameter): Name = "HelpURL"; Value = ""; VariantName = "[No Variations]"
Add component (AddParameter): Name = "MPN"; Value = ""; VariantName = "[No Variations]"
Add component (AddParameter): Name = "Supplier"; Value = ""; VariantName = "[No Variations]"
Add component (AddParameter): Name = "SupplierPartNumber"; Value = ""; VariantName = "[No Variations]"
Add component (AddParameter): Name = "Value"; Value = ""; VariantName = "[No Variations]"
Added Component: Designator=R27(RES0603)
Add component (AddParameter): Name = "HelpURL"; Value = ""; VariantName = "[No Variations]"
Add component (AddParameter): Name = "MPN"; Value = ""; VariantName = "[No Variations]"
Add component (AddParameter): Name = "Supplier"; Value = ""; VariantName = "[No Variations]"
Add component (AddParameter): Name = "SupplierPartNumber"; Value = ""; VariantName = "[No Variations]"
Add component (AddParameter): Name = "Value"; Value = ""; VariantName = "[No Variations]"
Added Component: Designator=R28(RES0603)
Add component (AddParameter): Name = "HelpURL"; Value = ""; VariantName = "[No Variations]"
Add component (AddParameter): Name = "MPN"; Value = ""; VariantName = "[No Variations]"
Add component (AddParameter): Name = "Supplier"; Value = ""; VariantName = "[No Variations]"
Add component (AddParameter): Name = "SupplierPartNumber"; Value = ""; VariantName = "[No Variations]"
Add component (AddParameter): Name = "Value"; Value = ""; VariantName = "[No Variations]"
Added Component: Designator=U8(SOT95P280X145-6N)
Add component (AddParameter): Name = "HelpURL"; Value = ""; VariantName = "[No Variations]"
Add component (AddParameter): Name = "MPN"; Value = ""; VariantName = "[No Variations]"
Add component (AddParameter): Name = "Supplier"; Value = ""; VariantName = "[No Variations]"
Add component (AddParameter): Name = "SupplierPartNumber"; Value = ""; VariantName = "[No Variations]"
Add component (AddParameter): Name = "Value"; Value = ""; VariantName = "[No Variations]"
Added Pin To Net: NetName=GND-USB Pin=J3-2
Added Pin To Net: NetName=GND-USB Pin=J3-3
Added Pin To Net: NetName=GND-USB Pin=J3-4
Added Pin To Net: NetName=GND-USB Pin=J3-A1-B12
Added Pin To Net: NetName=VCC-USB Pin=J3-A4-B9
Added Pin To Net: NetName=GND-USB Pin=J3-B1-A12
Added Pin To Net: NetName=VCC-USB Pin=J3-B4-A9
Added Pin To Net: NetName=GND Pin=R26-2
Added Pin To Net: NetName=GND-USB Pin=R27-1
Added Pin To Net: NetName=GND-USB Pin=R28-1
Added Pin To Net: NetName=GND-USB Pin=U8-2
Added Pin To Net: NetName=D_N Pin=U8-4
Added Pin To Net: NetName=VCC-USB Pin=U8-5
Added Pin To Net: NetName=D_P Pin=U8-6
Added Pin To Net: NetName=Boot0 Pin=R26-1
Added Pin To Net: NetName=Boot0 Pin=U3-1
Added Net: Name=Boot0
Added Pin To Net: NetName=CC1 Pin=J3-A5
Added Pin To Net: NetName=CC1 Pin=R27-2
Added Net: Name=CC1
Added Pin To Net: NetName=CC2 Pin=J3-B5
Added Pin To Net: NetName=CC2 Pin=R28-2
Added Net: Name=CC2
Added Pin To Net: NetName=DN-USB Pin=J3-A7
Added Pin To Net: NetName=DN-USB Pin=J3-B7
Added Pin To Net: NetName=DN-USB Pin=U8-3
Added Net: Name=DN-USB
Added Pin To Net: NetName=DP-USB Pin=J3-A6
Added Pin To Net: NetName=DP-USB Pin=J3-B6
Added Pin To Net: NetName=DP-USB Pin=U8-1
Added Net: Name=DP-USB
Added Member To Class: ClassName=uC Member=Component R26 10k
Added Member To Class: ClassName=USB Member=Component R27 10k
Added Member To Class: ClassName=USB Member=Component R28 10k
Added Member To Class: ClassName=USB Member=Component U8 USBLC6-2SC6
