Removed Member From Class: ClassName=uC Member=R22
Removed Member From Class: ClassName=uC Member=R24
Removed Member From Class: ClassName=uC Member=R26
Removed Member From Class: ClassName=iso Member=R28
Removed Member From Class: ClassName=iso Member=R30
Removed Member From Class: ClassName=pwr Member=R32
Change Net Name : Old Net Name=NetR12_2 New Net Name=in-n
Change Net Name : Old Net Name=NetR15_2 New Net Name=in-p
Added Member To Class: ClassName=uC Member=Component C15 16n
Added Member To Class: ClassName=uC Member=Component C16 100n
Added Member To Class: ClassName=uC Member=Component C18 320n
Added Member To Class: ClassName=uC Member=Component C20 10p
Added Member To Class: ClassName=uC Member=Component C22 2u2
Added Member To Class: ClassName=uC Member=Component C24 100n
Added Member To Class: ClassName=uC Member=Component C25 100n
Added Member To Class: ClassName=iso Member=Component C27 100n
Added Member To Class: ClassName=iso Member=Component C30 100n
Added Member To Class: ClassName=pwr Member=Component C32 2u2
Added Member To Class: ClassName=pwr Member=Component C34 100n
Added Member To Class: ClassName=USB Member=Component C36 10n
Added Member To Class: ClassName=uC Member=Component D1 BAT54
Added Member To Class: ClassName=uC Member=Component D2 BAT54
Added Member To Class: ClassName=uC Member=Component D3 BAT54
Added Member To Class: ClassName=uC Member=Component D4 BAT54
Added Member To Class: ClassName=uC Member=Component FB3 *
Added Member To Class: ClassName=uC Member=Component R12 5k1
Added Member To Class: ClassName=uC Member=Component R13 5k1
Added Member To Class: ClassName=uC Member=Component R14 100R
Added Member To Class: ClassName=uC Member=Component R15 5k1
Added Member To Class: ClassName=uC Member=Component R16 5k1
Added Member To Class: ClassName=uC Member=Component R17 0
Added Member To Class: ClassName=uC Member=Component R19 1k
Added Member To Class: ClassName=uC Member=Component R20 5k1
Added Member To Class: ClassName=uC Member=Component R21 100R
Added Member To Class: ClassName=iso Member=Component R23 0
Added Member To Class: ClassName=iso Member=Component R25 0
Added Member To Class: ClassName=iso Member=Component R27 5k1
Added Member To Class: ClassName=pwr Member=Component R29 5k1
Added Member To Class: ClassName=uC Member=Component U3 TLV9004
