Removed Pin From Net: NetName=GND Pin=U5-1
Removed Pin From Net: NetName=+3V3 Pin=U5-3
Removed Pin From Net: NetName=TxIn Pin=U5-4
Removed Pin From Net: NetName=RxOut Pin=U5-5
Removed Pin From Net: NetName=GND Pin=U5-7
Removed Pin From Net: NetName=GND-USB Pin=U5-9
Removed Pin From Net: NetName=RxIn Pin=U5-12
Removed Pin From Net: NetName=TxOut Pin=U5-13
Removed Pin From Net: NetName=+5V-USB Pin=U5-14
Removed Pin From Net: NetName=GND-USB Pin=U5-16
Added Pin To Net: NetName=GND-USB Pin=U5-1
Added Pin To Net: NetName=+5V-USB Pin=U5-3
Added Pin To Net: NetName=TxOut Pin=U5-4
Added Pin To Net: NetName=RxIn Pin=U5-5
Added Pin To Net: NetName=GND-USB Pin=U5-7
Added Pin To Net: NetName=GND Pin=U5-9
Added Pin To Net: NetName=RxOut Pin=U5-12
Added Pin To Net: NetName=TxIn Pin=U5-13
Added Pin To Net: NetName=+3V3 Pin=U5-14
Added Pin To Net: NetName=GND Pin=U5-16
